# JRE version: OpenJDK Runtime Environment Temurin-17.0.10+7 (17.0.10+7) (build 17.0.10+7)
# Java VM: OpenJDK 64-Bit Server VM Temurin-17.0.10+7 (17.0.10+7, mixed mode, emulated-client, tiered, compressed oops, compressed class ptrs, g1 gc, windows-amd64)
GC Precious Log:
 CPUs: 8 total, 8 available
 Memory: 7941M
 Large Page Support: Disabled
 NUMA Support: Disabled
 Compressed Oops: Enabled (32-bit)
 Heap Region Size: 1M
 Heap Min Capacity: 8M
 Heap Initial Capacity: 126M
 Heap Max Capacity: 1G
 Pre-touch: Disabled
 Parallel Workers: 8
 Concurrent Workers: 2
 Concurrent Refinement Workers: 8
 Periodic GC: Disabled
Heap:
 garbage-first heap   total 133120K, used 39478K [0x00000000c0000000, 0x0000000100000000)
  region size 1024K, 1 young (1024K), 0 survivors (0K)
 Metaspace       used 71961K, committed 72512K, reserved 1114112K
  class space    used 8763K, committed 9024K, reserved 1048576K
GC Heap History (20 events):
Event: 2717.148 GC heap before
{Heap before GC invocations=207 (full 93):
 garbage-first heap   total 133120K, used 39497K [0x00000000c0000000, 0x0000000100000000)
  region size 1024K, 1 young (1024K), 0 survivors (0K)
 Metaspace       used 71961K, committed 72512K, reserved 1114112K
  class space    used 8763K, committed 9024K, reserved 1048576K
}
Event: 2717.219 GC heap after
{Heap after GC invocations=208 (full 94):
 garbage-first heap   total 133120K, used 39489K [0x00000000c0000000, 0x0000000100000000)
  region size 1024K, 0 young (0K), 0 survivors (0K)
 Metaspace       used 71961K, committed 72512K, reserved 1114112K
  class space    used 8763K, committed 9024K, reserved 1048576K
}
Event: 2727.534 GC heap before
{Heap before GC invocations=208 (full 94):
 garbage-first heap   total 133120K, used 39489K [0x00000000c0000000, 0x0000000100000000)
  region size 1024K, 1 young (1024K), 0 survivors (0K)
 Metaspace       used 71961K, committed 72512K, reserved 1114112K
  class space    used 8763K, committed 9024K, reserved 1048576K
}
Event: 2727.609 GC heap after
{Heap after GC invocations=209 (full 95):
 garbage-first heap   total 133120K, used 39489K [0x00000000c0000000, 0x0000000100000000)
  region size 1024K, 0 young (0K), 0 survivors (0K)
 Metaspace       used 71961K, committed 72512K, reserved 1114112K
  class space    used 8763K, committed 9024K, reserved 1048576K
}
Event: 2739.047 GC heap before
{Heap before GC invocations=209 (full 95):
 garbage-first heap   total 133120K, used 39489K [0x00000000c0000000, 0x0000000100000000)
  region size 1024K, 1 young (1024K), 0 survivors (0K)
 Metaspace       used 71961K, committed 72512K, reserved 1114112K
  class space    used 8763K, committed 9024K, reserved 1048576K
}
Event: 2739.197 GC heap after
{Heap after GC invocations=210 (full 96):
 garbage-first heap   total 133120K, used 39477K [0x00000000c0000000, 0x0000000100000000)
  region size 1024K, 0 young (0K), 0 survivors (0K)
 Metaspace       used 71961K, committed 72512K, reserved 1114112K
  class space    used 8763K, committed 9024K, reserved 1048576K
}
Event: 2749.640 GC heap before
{Heap before GC invocations=210 (full 96):
 garbage-first heap   total 133120K, used 39477K [0x00000000c0000000, 0x0000000100000000)
  region size 1024K, 1 young (1024K), 0 survivors (0K)
 Metaspace       used 71961K, committed 72512K, reserved 1114112K
  class space    used 8763K, committed 9024K, reserved 1048576K
}
Event: 2749.743 GC heap after
{Heap after GC invocations=211 (full 97):
 garbage-first heap   total 133120K, used 39477K [0x00000000c0000000, 0x0000000100000000)
  region size 1024K, 0 young (0K), 0 survivors (0K)
 Metaspace       used 71961K, committed 72512K, reserved 1114112K
  class space    used 8763K, committed 9024K, reserved 1048576K
}
Event: 2760.041 GC heap before
{Heap before GC invocations=211 (full 97):
 garbage-first heap   total 133120K, used 39477K [0x00000000c0000000, 0x0000000100000000)
  region size 1024K, 1 young (1024K), 0 survivors (0K)
 Metaspace       used 71961K, committed 72512K, reserved 1114112K
  class space    used 8763K, committed 9024K, reserved 1048576K
}
Event: 2760.097 GC heap after
{Heap after GC invocations=212 (full 98):
 garbage-first heap   total 133120K, used 39477K [0x00000000c0000000, 0x0000000100000000)
  region size 1024K, 0 young (0K), 0 survivors (0K)
 Metaspace       used 71961K, committed 72512K, reserved 1114112K
  class space    used 8763K, committed 9024K, reserved 1048576K
}
Event: 2770.365 GC heap before
{Heap before GC invocations=212 (full 98):
 garbage-first heap   total 133120K, used 39477K [0x00000000c0000000, 0x0000000100000000)
  region size 1024K, 1 young (1024K), 0 survivors (0K)
 Metaspace       used 71961K, committed 72512K, reserved 1114112K
  class space    used 8763K, committed 9024K, reserved 1048576K
}
Event: 2770.421 GC heap after
{Heap after GC invocations=213 (full 99):
 garbage-first heap   total 133120K, used 39477K [0x00000000c0000000, 0x0000000100000000)
  region size 1024K, 0 young (0K), 0 survivors (0K)
 Metaspace       used 71961K, committed 72512K, reserved 1114112K
  class space    used 8763K, committed 9024K, reserved 1048576K
}
Event: 2780.772 GC heap before
{Heap before GC invocations=213 (full 99):
 garbage-first heap   total 133120K, used 39477K [0x00000000c0000000, 0x0000000100000000)
  region size 1024K, 1 young (1024K), 0 survivors (0K)
 Metaspace       used 71961K, committed 72512K, reserved 1114112K
  class space    used 8763K, committed 9024K, reserved 1048576K
}
Event: 2780.859 GC heap after
{Heap after GC invocations=214 (full 100):
 garbage-first heap   total 133120K, used 39477K [0x00000000c0000000, 0x0000000100000000)
  region size 1024K, 0 young (0K), 0 survivors (0K)
 Metaspace       used 71961K, committed 72512K, reserved 1114112K
  class space    used 8763K, committed 9024K, reserved 1048576K
}
Event: 2791.185 GC heap before
{Heap before GC invocations=214 (full 100):
 garbage-first heap   total 133120K, used 39477K [0x00000000c0000000, 0x0000000100000000)
  region size 1024K, 1 young (1024K), 0 survivors (0K)
 Metaspace       used 71961K, committed 72512K, reserved 1114112K
  class space    used 8763K, committed 9024K, reserved 1048576K
}
Event: 2791.246 GC heap after
{Heap after GC invocations=215 (full 101):
 garbage-first heap   total 133120K, used 39477K [0x00000000c0000000, 0x0000000100000000)
  region size 1024K, 0 young (0K), 0 survivors (0K)
 Metaspace       used 71961K, committed 72512K, reserved 1114112K
  class space    used 8763K, committed 9024K, reserved 1048576K
}
Event: 2801.572 GC heap before
{Heap before GC invocations=215 (full 101):
 garbage-first heap   total 133120K, used 39477K [0x00000000c0000000, 0x0000000100000000)
  region size 1024K, 1 young (1024K), 0 survivors (0K)
 Metaspace       used 71961K, committed 72512K, reserved 1114112K
  class space    used 8763K, committed 9024K, reserved 1048576K
}
Event: 2801.637 GC heap after
{Heap after GC invocations=216 (full 102):
 garbage-first heap   total 133120K, used 39478K [0x00000000c0000000, 0x0000000100000000)
  region size 1024K, 0 young (0K), 0 survivors (0K)
 Metaspace       used 71961K, committed 72512K, reserved 1114112K
  class space    used 8763K, committed 9024K, reserved 1048576K
}
Event: 2811.932 GC heap before
{Heap before GC invocations=216 (full 102):
 garbage-first heap   total 133120K, used 39478K [0x00000000c0000000, 0x0000000100000000)
  region size 1024K, 1 young (1024K), 0 survivors (0K)
 Metaspace       used 71961K, committed 72512K, reserved 1114112K
  class space    used 8763K, committed 9024K, reserved 1048576K
}
Event: 2811.986 GC heap after
{Heap after GC invocations=217 (full 103):
 garbage-first heap   total 133120K, used 39478K [0x00000000c0000000, 0x0000000100000000)
  region size 1024K, 0 young (0K), 0 survivors (0K)
 Metaspace       used 71961K, committed 72512K, reserved 1114112K
  class space    used 8763K, committed 9024K, reserved 1048576K
}

