# JRE version: OpenJDK Runtime Environment Temurin-17.0.10+7 (17.0.10+7) (build 17.0.10+7)
# Java VM: OpenJDK 64-Bit Server VM Temurin-17.0.10+7 (17.0.10+7, mixed mode, emulated-client, tiered, compressed oops, compressed class ptrs, g1 gc, windows-amd64)
GC Precious Log:
 CPUs: 8 total, 8 available
 Memory: 7941M
 Large Page Support: Disabled
 NUMA Support: Disabled
 Compressed Oops: Enabled (32-bit)
 Heap Region Size: 1M
 Heap Min Capacity: 8M
 Heap Initial Capacity: 126M
 Heap Max Capacity: 1G
 Pre-touch: Disabled
 Parallel Workers: 8
 Concurrent Workers: 2
 Concurrent Refinement Workers: 8
 Periodic GC: Disabled
Heap:
 garbage-first heap   total 86016K, used 33523K [0x00000000c0000000, 0x0000000100000000)
  region size 1024K, 1 young (1024K), 0 survivors (0K)
 Metaspace       used 60125K, committed 60672K, reserved 1114112K
  class space    used 7203K, committed 7424K, reserved 1048576K
GC Heap History (20 events):
Event: 1074.485 GC heap before
{Heap before GC invocations=80 (full 58):
 garbage-first heap   total 86016K, used 33523K [0x00000000c0000000, 0x0000000100000000)
  region size 1024K, 1 young (1024K), 0 survivors (0K)
 Metaspace       used 60125K, committed 60672K, reserved 1114112K
  class space    used 7203K, committed 7424K, reserved 1048576K
}
Event: 1074.556 GC heap after
{Heap after GC invocations=81 (full 59):
 garbage-first heap   total 86016K, used 33523K [0x00000000c0000000, 0x0000000100000000)
  region size 1024K, 0 young (0K), 0 survivors (0K)
 Metaspace       used 60125K, committed 60672K, reserved 1114112K
  class space    used 7203K, committed 7424K, reserved 1048576K
}
Event: 1084.909 GC heap before
{Heap before GC invocations=81 (full 59):
 garbage-first heap   total 86016K, used 33523K [0x00000000c0000000, 0x0000000100000000)
  region size 1024K, 1 young (1024K), 0 survivors (0K)
 Metaspace       used 60125K, committed 60672K, reserved 1114112K
  class space    used 7203K, committed 7424K, reserved 1048576K
}
Event: 1084.984 GC heap after
{Heap after GC invocations=82 (full 60):
 garbage-first heap   total 86016K, used 33523K [0x00000000c0000000, 0x0000000100000000)
  region size 1024K, 0 young (0K), 0 survivors (0K)
 Metaspace       used 60125K, committed 60672K, reserved 1114112K
  class space    used 7203K, committed 7424K, reserved 1048576K
}
Event: 1095.320 GC heap before
{Heap before GC invocations=82 (full 60):
 garbage-first heap   total 86016K, used 33523K [0x00000000c0000000, 0x0000000100000000)
  region size 1024K, 1 young (1024K), 0 survivors (0K)
 Metaspace       used 60125K, committed 60672K, reserved 1114112K
  class space    used 7203K, committed 7424K, reserved 1048576K
}
Event: 1095.391 GC heap after
{Heap after GC invocations=83 (full 61):
 garbage-first heap   total 86016K, used 33523K [0x00000000c0000000, 0x0000000100000000)
  region size 1024K, 0 young (0K), 0 survivors (0K)
 Metaspace       used 60125K, committed 60672K, reserved 1114112K
  class space    used 7203K, committed 7424K, reserved 1048576K
}
Event: 1105.705 GC heap before
{Heap before GC invocations=83 (full 61):
 garbage-first heap   total 86016K, used 33523K [0x00000000c0000000, 0x0000000100000000)
  region size 1024K, 1 young (1024K), 0 survivors (0K)
 Metaspace       used 60125K, committed 60672K, reserved 1114112K
  class space    used 7203K, committed 7424K, reserved 1048576K
}
Event: 1105.777 GC heap after
{Heap after GC invocations=84 (full 62):
 garbage-first heap   total 86016K, used 33523K [0x00000000c0000000, 0x0000000100000000)
  region size 1024K, 0 young (0K), 0 survivors (0K)
 Metaspace       used 60125K, committed 60672K, reserved 1114112K
  class space    used 7203K, committed 7424K, reserved 1048576K
}
Event: 1116.120 GC heap before
{Heap before GC invocations=84 (full 62):
 garbage-first heap   total 86016K, used 33523K [0x00000000c0000000, 0x0000000100000000)
  region size 1024K, 1 young (1024K), 0 survivors (0K)
 Metaspace       used 60125K, committed 60672K, reserved 1114112K
  class space    used 7203K, committed 7424K, reserved 1048576K
}
Event: 1116.216 GC heap after
{Heap after GC invocations=85 (full 63):
 garbage-first heap   total 86016K, used 33523K [0x00000000c0000000, 0x0000000100000000)
  region size 1024K, 0 young (0K), 0 survivors (0K)
 Metaspace       used 60125K, committed 60672K, reserved 1114112K
  class space    used 7203K, committed 7424K, reserved 1048576K
}
Event: 1126.612 GC heap before
{Heap before GC invocations=85 (full 63):
 garbage-first heap   total 86016K, used 33523K [0x00000000c0000000, 0x0000000100000000)
  region size 1024K, 1 young (1024K), 0 survivors (0K)
 Metaspace       used 60125K, committed 60672K, reserved 1114112K
  class space    used 7203K, committed 7424K, reserved 1048576K
}
Event: 1126.737 GC heap after
{Heap after GC invocations=86 (full 64):
 garbage-first heap   total 86016K, used 33523K [0x00000000c0000000, 0x0000000100000000)
  region size 1024K, 0 young (0K), 0 survivors (0K)
 Metaspace       used 60125K, committed 60672K, reserved 1114112K
  class space    used 7203K, committed 7424K, reserved 1048576K
}
Event: 1137.164 GC heap before
{Heap before GC invocations=86 (full 64):
 garbage-first heap   total 86016K, used 33523K [0x00000000c0000000, 0x0000000100000000)
  region size 1024K, 1 young (1024K), 0 survivors (0K)
 Metaspace       used 60125K, committed 60672K, reserved 1114112K
  class space    used 7203K, committed 7424K, reserved 1048576K
}
Event: 1137.329 GC heap after
{Heap after GC invocations=87 (full 65):
 garbage-first heap   total 86016K, used 33523K [0x00000000c0000000, 0x0000000100000000)
  region size 1024K, 0 young (0K), 0 survivors (0K)
 Metaspace       used 60125K, committed 60672K, reserved 1114112K
  class space    used 7203K, committed 7424K, reserved 1048576K
}
Event: 1147.609 GC heap before
{Heap before GC invocations=87 (full 65):
 garbage-first heap   total 86016K, used 33523K [0x00000000c0000000, 0x0000000100000000)
  region size 1024K, 1 young (1024K), 0 survivors (0K)
 Metaspace       used 60125K, committed 60672K, reserved 1114112K
  class space    used 7203K, committed 7424K, reserved 1048576K
}
Event: 1147.693 GC heap after
{Heap after GC invocations=88 (full 66):
 garbage-first heap   total 86016K, used 33523K [0x00000000c0000000, 0x0000000100000000)
  region size 1024K, 0 young (0K), 0 survivors (0K)
 Metaspace       used 60125K, committed 60672K, reserved 1114112K
  class space    used 7203K, committed 7424K, reserved 1048576K
}
Event: 1158.218 GC heap before
{Heap before GC invocations=88 (full 66):
 garbage-first heap   total 86016K, used 33523K [0x00000000c0000000, 0x0000000100000000)
  region size 1024K, 1 young (1024K), 0 survivors (0K)
 Metaspace       used 60125K, committed 60672K, reserved 1114112K
  class space    used 7203K, committed 7424K, reserved 1048576K
}
Event: 1158.270 GC heap after
{Heap after GC invocations=89 (full 67):
 garbage-first heap   total 86016K, used 33523K [0x00000000c0000000, 0x0000000100000000)
  region size 1024K, 0 young (0K), 0 survivors (0K)
 Metaspace       used 60125K, committed 60672K, reserved 1114112K
  class space    used 7203K, committed 7424K, reserved 1048576K
}
Event: 1168.681 GC heap before
{Heap before GC invocations=89 (full 67):
 garbage-first heap   total 86016K, used 33523K [0x00000000c0000000, 0x0000000100000000)
  region size 1024K, 1 young (1024K), 0 survivors (0K)
 Metaspace       used 60125K, committed 60672K, reserved 1114112K
  class space    used 7203K, committed 7424K, reserved 1048576K
}
Event: 1168.790 GC heap after
{Heap after GC invocations=90 (full 68):
 garbage-first heap   total 86016K, used 33523K [0x00000000c0000000, 0x0000000100000000)
  region size 1024K, 0 young (0K), 0 survivors (0K)
 Metaspace       used 60125K, committed 60672K, reserved 1114112K
  class space    used 7203K, committed 7424K, reserved 1048576K
}

